[22-Apr-2025 11:32:12 UTC] PHP Warning:  Undefined array key "host" in /workspaces/Assignment-4-pr3/.wordpress/wp-includes/pluggable.php on line 1640
[22-Apr-2025 12:11:19 UTC] PHP Fatal error:  Out of memory (allocated 39845888) (tried to allocate 126976 bytes) in /workspaces/Assignment-4-pr3/.wordpress/wp-includes/functions.php on line 4378
[22-Apr-2025 12:11:20 UTC] PHP Fatal error:  Out of memory (allocated 35651584) (tried to allocate 2097152 bytes) in /workspaces/Assignment-4-pr3/.wordpress/wp-content/plugins/post-type-x/core/includes/product-settings.php on line 101
[22-Apr-2025 12:11:20 UTC] PHP Fatal error:  Uncaught Error: Call to undefined function ic_products_count() in /workspaces/Assignment-4-pr3/.wordpress/wp-content/plugins/post-type-x/core/includes/tracking.php:117
Stack trace:
#0 /workspaces/Assignment-4-pr3/.wordpress/wp-content/plugins/post-type-x/core/includes/tracking.php(551): IC_EPC_Tracking->setup_data()
#1 /workspaces/Assignment-4-pr3/.wordpress/wp-content/plugins/post-type-x/core/includes/tracking.php(481): IC_EPC_Tracking->send_paused_checkin(Array, true)
#2 [internal function]: IC_EPC_Tracking->fatal()
#3 {main}
  thrown in /workspaces/Assignment-4-pr3/.wordpress/wp-content/plugins/post-type-x/core/includes/tracking.php on line 117
[22-Apr-2025 12:11:20 UTC] PHP Fatal error:  Out of memory (allocated 33554432) (tried to allocate 2097152 bytes) in /workspaces/Assignment-4-pr3/.wordpress/wp-content/plugins/post-type-x/core/includes/product-settings.php on line 101
[22-Apr-2025 12:11:20 UTC] PHP Fatal error:  Uncaught Error: Call to undefined function ic_products_count() in /workspaces/Assignment-4-pr3/.wordpress/wp-content/plugins/post-type-x/core/includes/tracking.php:117
Stack trace:
#0 /workspaces/Assignment-4-pr3/.wordpress/wp-content/plugins/post-type-x/core/includes/tracking.php(551): IC_EPC_Tracking->setup_data()
#1 /workspaces/Assignment-4-pr3/.wordpress/wp-content/plugins/post-type-x/core/includes/tracking.php(481): IC_EPC_Tracking->send_paused_checkin(Array, true)
#2 [internal function]: IC_EPC_Tracking->fatal()
#3 {main}
  thrown in /workspaces/Assignment-4-pr3/.wordpress/wp-content/plugins/post-type-x/core/includes/tracking.php on line 117
[22-Apr-2025 12:11:20 UTC] PHP Fatal error:  Out of memory (allocated 31457280) (tried to allocate 2097152 bytes) in /workspaces/Assignment-4-pr3/.wordpress/wp-content/plugins/post-type-x/core/includes/product-settings.php on line 96
[22-Apr-2025 12:11:20 UTC] PHP Fatal error:  Uncaught Error: Call to undefined function ic_products_count() in /workspaces/Assignment-4-pr3/.wordpress/wp-content/plugins/post-type-x/core/includes/tracking.php:117
Stack trace:
#0 /workspaces/Assignment-4-pr3/.wordpress/wp-content/plugins/post-type-x/core/includes/tracking.php(551): IC_EPC_Tracking->setup_data()
#1 /workspaces/Assignment-4-pr3/.wordpress/wp-content/plugins/post-type-x/core/includes/tracking.php(481): IC_EPC_Tracking->send_paused_checkin(Array, true)
#2 [internal function]: IC_EPC_Tracking->fatal()
#3 {main}
  thrown in /workspaces/Assignment-4-pr3/.wordpress/wp-content/plugins/post-type-x/core/includes/tracking.php on line 117
[22-Apr-2025 12:11:20 UTC] PHP Fatal error:  Out of memory (allocated 31457280) (tried to allocate 2097152 bytes) in /workspaces/Assignment-4-pr3/.wordpress/wp-content/plugins/post-type-x/core/includes/product-settings.php on line 101
[22-Apr-2025 12:11:20 UTC] PHP Fatal error:  Uncaught Error: Call to undefined function ic_products_count() in /workspaces/Assignment-4-pr3/.wordpress/wp-content/plugins/post-type-x/core/includes/tracking.php:117
Stack trace:
#0 /workspaces/Assignment-4-pr3/.wordpress/wp-content/plugins/post-type-x/core/includes/tracking.php(551): IC_EPC_Tracking->setup_data()
#1 /workspaces/Assignment-4-pr3/.wordpress/wp-content/plugins/post-type-x/core/includes/tracking.php(481): IC_EPC_Tracking->send_paused_checkin(Array, true)
#2 [internal function]: IC_EPC_Tracking->fatal()
#3 {main}
  thrown in /workspaces/Assignment-4-pr3/.wordpress/wp-content/plugins/post-type-x/core/includes/tracking.php on line 117
[22-Apr-2025 12:11:28 UTC] PHP Fatal error:  Out of memory (allocated 31457280) (tried to allocate 2097152 bytes) in /workspaces/Assignment-4-pr3/.wordpress/wp-content/plugins/post-type-x/core/includes/product-settings.php on line 41
[22-Apr-2025 12:11:28 UTC] PHP Fatal error:  Out of memory (allocated 31457280) (tried to allocate 32768 bytes) in /workspaces/Assignment-4-pr3/.wordpress/wp-content/languages/admin-en_CA.l10n.php on line 142
[22-Apr-2025 12:11:38 UTC] PHP Fatal error:  Out of memory (allocated 31457280) (tried to allocate 2097152 bytes) in /workspaces/Assignment-4-pr3/.wordpress/wp-content/plugins/post-type-x/core/includes/product-settings.php on line 41
[22-Apr-2025 12:11:38 UTC] PHP Fatal error:  Uncaught Error: Call to undefined function ic_products_count() in /workspaces/Assignment-4-pr3/.wordpress/wp-content/plugins/post-type-x/core/includes/tracking.php:117
Stack trace:
#0 /workspaces/Assignment-4-pr3/.wordpress/wp-content/plugins/post-type-x/core/includes/tracking.php(551): IC_EPC_Tracking->setup_data()
#1 /workspaces/Assignment-4-pr3/.wordpress/wp-content/plugins/post-type-x/core/includes/tracking.php(481): IC_EPC_Tracking->send_paused_checkin(Array, true)
#2 [internal function]: IC_EPC_Tracking->fatal()
#3 {main}
  thrown in /workspaces/Assignment-4-pr3/.wordpress/wp-content/plugins/post-type-x/core/includes/tracking.php on line 117
[22-Apr-2025 12:11:39 UTC] PHP Fatal error:  Out of memory (allocated 31457280) (tried to allocate 2097152 bytes) in /workspaces/Assignment-4-pr3/.wordpress/wp-content/plugins/post-type-x/core/includes/product-settings.php on line 96
[22-Apr-2025 12:11:39 UTC] PHP Fatal error:  Uncaught Error: Call to undefined function ic_products_count() in /workspaces/Assignment-4-pr3/.wordpress/wp-content/plugins/post-type-x/core/includes/tracking.php:117
Stack trace:
#0 /workspaces/Assignment-4-pr3/.wordpress/wp-content/plugins/post-type-x/core/includes/tracking.php(551): IC_EPC_Tracking->setup_data()
#1 /workspaces/Assignment-4-pr3/.wordpress/wp-content/plugins/post-type-x/core/includes/tracking.php(481): IC_EPC_Tracking->send_paused_checkin(Array, true)
#2 [internal function]: IC_EPC_Tracking->fatal()
#3 {main}
  thrown in /workspaces/Assignment-4-pr3/.wordpress/wp-content/plugins/post-type-x/core/includes/tracking.php on line 117
[22-Apr-2025 12:11:46 UTC] PHP Fatal error:  Out of memory (allocated 31457280) (tried to allocate 2097152 bytes) in /workspaces/Assignment-4-pr3/.wordpress/wp-content/plugins/post-type-x/core/includes/product-settings.php on line 101
[22-Apr-2025 12:11:46 UTC] PHP Fatal error:  Uncaught Error: Call to undefined function ic_products_count() in /workspaces/Assignment-4-pr3/.wordpress/wp-content/plugins/post-type-x/core/includes/tracking.php:117
Stack trace:
#0 /workspaces/Assignment-4-pr3/.wordpress/wp-content/plugins/post-type-x/core/includes/tracking.php(551): IC_EPC_Tracking->setup_data()
#1 /workspaces/Assignment-4-pr3/.wordpress/wp-content/plugins/post-type-x/core/includes/tracking.php(481): IC_EPC_Tracking->send_paused_checkin(Array, true)
#2 [internal function]: IC_EPC_Tracking->fatal()
#3 {main}
  thrown in /workspaces/Assignment-4-pr3/.wordpress/wp-content/plugins/post-type-x/core/includes/tracking.php on line 117
[22-Apr-2025 12:11:46 UTC] PHP Fatal error:  Out of memory (allocated 31457280) (tried to allocate 2097152 bytes) in /workspaces/Assignment-4-pr3/.wordpress/wp-content/plugins/post-type-x/core/includes/product-settings.php on line 101
[22-Apr-2025 12:11:46 UTC] PHP Fatal error:  Uncaught Error: Call to undefined function ic_products_count() in /workspaces/Assignment-4-pr3/.wordpress/wp-content/plugins/post-type-x/core/includes/tracking.php:117
Stack trace:
#0 /workspaces/Assignment-4-pr3/.wordpress/wp-content/plugins/post-type-x/core/includes/tracking.php(551): IC_EPC_Tracking->setup_data()
#1 /workspaces/Assignment-4-pr3/.wordpress/wp-content/plugins/post-type-x/core/includes/tracking.php(481): IC_EPC_Tracking->send_paused_checkin(Array, true)
#2 [internal function]: IC_EPC_Tracking->fatal()
#3 {main}
  thrown in /workspaces/Assignment-4-pr3/.wordpress/wp-content/plugins/post-type-x/core/includes/tracking.php on line 117
[22-Apr-2025 12:11:46 UTC] PHP Fatal error:  Out of memory (allocated 31457280) (tried to allocate 2097152 bytes) in /workspaces/Assignment-4-pr3/.wordpress/wp-content/plugins/post-type-x/core/includes/product-settings.php on line 101
[22-Apr-2025 12:11:46 UTC] PHP Fatal error:  Uncaught Error: Call to undefined function ic_products_count() in /workspaces/Assignment-4-pr3/.wordpress/wp-content/plugins/post-type-x/core/includes/tracking.php:117
Stack trace:
#0 /workspaces/Assignment-4-pr3/.wordpress/wp-content/plugins/post-type-x/core/includes/tracking.php(551): IC_EPC_Tracking->setup_data()
#1 /workspaces/Assignment-4-pr3/.wordpress/wp-content/plugins/post-type-x/core/includes/tracking.php(481): IC_EPC_Tracking->send_paused_checkin(Array, true)
#2 [internal function]: IC_EPC_Tracking->fatal()
#3 {main}
  thrown in /workspaces/Assignment-4-pr3/.wordpress/wp-content/plugins/post-type-x/core/includes/tracking.php on line 117
[22-Apr-2025 12:11:47 UTC] PHP Fatal error:  Out of memory (allocated 31457280) (tried to allocate 2097152 bytes) in /workspaces/Assignment-4-pr3/.wordpress/wp-content/plugins/post-type-x/core/includes/product-settings.php on line 96
[22-Apr-2025 12:11:47 UTC] PHP Fatal error:  Uncaught Error: Call to undefined function ic_products_count() in /workspaces/Assignment-4-pr3/.wordpress/wp-content/plugins/post-type-x/core/includes/tracking.php:117
Stack trace:
#0 /workspaces/Assignment-4-pr3/.wordpress/wp-content/plugins/post-type-x/core/includes/tracking.php(551): IC_EPC_Tracking->setup_data()
#1 /workspaces/Assignment-4-pr3/.wordpress/wp-content/plugins/post-type-x/core/includes/tracking.php(481): IC_EPC_Tracking->send_paused_checkin(Array, true)
#2 [internal function]: IC_EPC_Tracking->fatal()
#3 {main}
  thrown in /workspaces/Assignment-4-pr3/.wordpress/wp-content/plugins/post-type-x/core/includes/tracking.php on line 117
[22-Apr-2025 12:11:48 UTC] PHP Fatal error:  Out of memory (allocated 31457280) (tried to allocate 2097152 bytes) in /workspaces/Assignment-4-pr3/.wordpress/wp-content/plugins/post-type-x/core/includes/product-settings.php on line 41
[22-Apr-2025 12:11:48 UTC] PHP Fatal error:  Uncaught Error: Call to undefined function ic_products_count() in /workspaces/Assignment-4-pr3/.wordpress/wp-content/plugins/post-type-x/core/includes/tracking.php:117
Stack trace:
#0 /workspaces/Assignment-4-pr3/.wordpress/wp-content/plugins/post-type-x/core/includes/tracking.php(551): IC_EPC_Tracking->setup_data()
#1 /workspaces/Assignment-4-pr3/.wordpress/wp-content/plugins/post-type-x/core/includes/tracking.php(481): IC_EPC_Tracking->send_paused_checkin(Array, true)
#2 [internal function]: IC_EPC_Tracking->fatal()
#3 {main}
  thrown in /workspaces/Assignment-4-pr3/.wordpress/wp-content/plugins/post-type-x/core/includes/tracking.php on line 117
[22-Apr-2025 12:11:58 UTC] PHP Fatal error:  Out of memory (allocated 31457280) (tried to allocate 2097152 bytes) in /workspaces/Assignment-4-pr3/.wordpress/wp-content/plugins/post-type-x/core/includes/product-settings.php on line 41
[22-Apr-2025 12:11:58 UTC] PHP Fatal error:  Uncaught Error: Call to undefined function ic_products_count() in /workspaces/Assignment-4-pr3/.wordpress/wp-content/plugins/post-type-x/core/includes/tracking.php:117
Stack trace:
#0 /workspaces/Assignment-4-pr3/.wordpress/wp-content/plugins/post-type-x/core/includes/tracking.php(551): IC_EPC_Tracking->setup_data()
#1 /workspaces/Assignment-4-pr3/.wordpress/wp-content/plugins/post-type-x/core/includes/tracking.php(481): IC_EPC_Tracking->send_paused_checkin(Array, true)
#2 [internal function]: IC_EPC_Tracking->fatal()
#3 {main}
  thrown in /workspaces/Assignment-4-pr3/.wordpress/wp-content/plugins/post-type-x/core/includes/tracking.php on line 117
[22-Apr-2025 12:12:03 UTC] PHP Fatal error:  Out of memory (allocated 31457280) (tried to allocate 2097152 bytes) in /workspaces/Assignment-4-pr3/.wordpress/wp-content/plugins/post-type-x/core/includes/product-settings.php on line 96
[22-Apr-2025 12:12:04 UTC] PHP Fatal error:  Uncaught Error: Call to undefined function ic_products_count() in /workspaces/Assignment-4-pr3/.wordpress/wp-content/plugins/post-type-x/core/includes/tracking.php:117
Stack trace:
#0 /workspaces/Assignment-4-pr3/.wordpress/wp-content/plugins/post-type-x/core/includes/tracking.php(551): IC_EPC_Tracking->setup_data()
#1 /workspaces/Assignment-4-pr3/.wordpress/wp-content/plugins/post-type-x/core/includes/tracking.php(481): IC_EPC_Tracking->send_paused_checkin(Array, true)
#2 [internal function]: IC_EPC_Tracking->fatal()
#3 {main}
  thrown in /workspaces/Assignment-4-pr3/.wordpress/wp-content/plugins/post-type-x/core/includes/tracking.php on line 117
[22-Apr-2025 12:12:04 UTC] PHP Fatal error:  Out of memory (allocated 31457280) (tried to allocate 2097152 bytes) in /workspaces/Assignment-4-pr3/.wordpress/wp-content/plugins/post-type-x/core/includes/product-settings.php on line 96
[22-Apr-2025 12:12:04 UTC] PHP Fatal error:  Uncaught Error: Call to undefined function ic_products_count() in /workspaces/Assignment-4-pr3/.wordpress/wp-content/plugins/post-type-x/core/includes/tracking.php:117
Stack trace:
#0 /workspaces/Assignment-4-pr3/.wordpress/wp-content/plugins/post-type-x/core/includes/tracking.php(551): IC_EPC_Tracking->setup_data()
#1 /workspaces/Assignment-4-pr3/.wordpress/wp-content/plugins/post-type-x/core/includes/tracking.php(481): IC_EPC_Tracking->send_paused_checkin(Array, true)
#2 [internal function]: IC_EPC_Tracking->fatal()
#3 {main}
  thrown in /workspaces/Assignment-4-pr3/.wordpress/wp-content/plugins/post-type-x/core/includes/tracking.php on line 117
[22-Apr-2025 12:12:05 UTC] PHP Fatal error:  Out of memory (allocated 31457280) (tried to allocate 2097152 bytes) in /workspaces/Assignment-4-pr3/.wordpress/wp-content/plugins/post-type-x/core/includes/product-settings.php on line 96
[22-Apr-2025 12:12:05 UTC] PHP Fatal error:  Uncaught Error: Call to undefined function ic_products_count() in /workspaces/Assignment-4-pr3/.wordpress/wp-content/plugins/post-type-x/core/includes/tracking.php:117
Stack trace:
#0 /workspaces/Assignment-4-pr3/.wordpress/wp-content/plugins/post-type-x/core/includes/tracking.php(551): IC_EPC_Tracking->setup_data()
#1 /workspaces/Assignment-4-pr3/.wordpress/wp-content/plugins/post-type-x/core/includes/tracking.php(481): IC_EPC_Tracking->send_paused_checkin(Array, true)
#2 [internal function]: IC_EPC_Tracking->fatal()
#3 {main}
  thrown in /workspaces/Assignment-4-pr3/.wordpress/wp-content/plugins/post-type-x/core/includes/tracking.php on line 117
[22-Apr-2025 12:12:08 UTC] PHP Fatal error:  Out of memory (allocated 31457280) (tried to allocate 2097152 bytes) in /workspaces/Assignment-4-pr3/.wordpress/wp-content/plugins/post-type-x/core/includes/product-settings.php on line 41
[22-Apr-2025 12:12:08 UTC] PHP Fatal error:  Uncaught Error: Call to undefined function ic_products_count() in /workspaces/Assignment-4-pr3/.wordpress/wp-content/plugins/post-type-x/core/includes/tracking.php:117
Stack trace:
#0 /workspaces/Assignment-4-pr3/.wordpress/wp-content/plugins/post-type-x/core/includes/tracking.php(551): IC_EPC_Tracking->setup_data()
#1 /workspaces/Assignment-4-pr3/.wordpress/wp-content/plugins/post-type-x/core/includes/tracking.php(481): IC_EPC_Tracking->send_paused_checkin(Array, true)
#2 [internal function]: IC_EPC_Tracking->fatal()
#3 {main}
  thrown in /workspaces/Assignment-4-pr3/.wordpress/wp-content/plugins/post-type-x/core/includes/tracking.php on line 117
[22-Apr-2025 12:12:18 UTC] PHP Fatal error:  Out of memory (allocated 31457280) (tried to allocate 2097152 bytes) in /workspaces/Assignment-4-pr3/.wordpress/wp-content/plugins/post-type-x/core/includes/product-settings.php on line 96
[22-Apr-2025 12:12:18 UTC] PHP Fatal error:  Uncaught Error: Call to undefined function ic_products_count() in /workspaces/Assignment-4-pr3/.wordpress/wp-content/plugins/post-type-x/core/includes/tracking.php:117
Stack trace:
#0 /workspaces/Assignment-4-pr3/.wordpress/wp-content/plugins/post-type-x/core/includes/tracking.php(551): IC_EPC_Tracking->setup_data()
#1 /workspaces/Assignment-4-pr3/.wordpress/wp-content/plugins/post-type-x/core/includes/tracking.php(481): IC_EPC_Tracking->send_paused_checkin(Array, true)
#2 [internal function]: IC_EPC_Tracking->fatal()
#3 {main}
  thrown in /workspaces/Assignment-4-pr3/.wordpress/wp-content/plugins/post-type-x/core/includes/tracking.php on line 117
